This is pdfTeX, Version 3.141592653-2.6-1.40.26 (MiKTeX 24.4) (preloaded format=pdflatex 2024.9.25)  4 OCT 2024 13:58
entering extended mode
 restricted \write18 enabled.
 %&-line parsing enabled.
**./plateformecartographiqueole.tex
(plateformecartographiqueole.tex
LaTeX2e <2024-06-01> patch level 2
L3 programming layer <2024-08-30>
(sphinxmanual.cls
Document Class: sphinxmanual 2019/12/01 v2.3.0 Document class (Sphinx manual)
(C:\Users\ztoffv\AppData\Local\Programs\MiKTeX\tex/latex/base\report.cls
Document Class: report 2024/02/08 v1.4n Standard LaTeX document class
(C:\Users\ztoffv\AppData\Local\Programs\MiKTeX\tex/latex/base\size10.clo
File: size10.clo 2024/02/08 v1.4n Standard LaTeX file (size option)
)
\c@part=\count194
\c@chapter=\count195
\c@section=\count196
\c@subsection=\count197
\c@subsubsection=\count198
\c@paragraph=\count199
\c@subparagraph=\count266
\c@figure=\count267
\c@table=\count268
\abovecaptionskip=\skip49
\belowcaptionskip=\skip50
\bibindent=\dimen141
)
LaTeX Info: Redefining \and on input line 35.
)
(C:\Users\ztoffv\AppData\Local\Programs\MiKTeX\tex/latex/base\inputenc.sty
Package: inputenc 2024/02/08 v1.3d Input encoding file
\inpenc@prehook=\toks17
\inpenc@posthook=\toks18
)
   defining Unicode char U+00A0 (decimal 160)
   defining Unicode char U+2500 (decimal 9472)
   defining Unicode char U+2502 (decimal 9474)
   defining Unicode char U+2514 (decimal 9492)
   defining Unicode char U+251C (decimal 9500)
   defining Unicode char U+2572 (decimal 9586)

(C:\Users\ztoffv\AppData\Local\Programs\MiKTeX\tex/latex/cmap\cmap.sty
Package: cmap 2021/02/06 v1.0j CMap support: searchable PDF
)
(C:\Users\ztoffv\AppData\Local\Programs\MiKTeX\tex/latex/base\fontenc.sty
Package: fontenc 2021/04/29 v2.0v Standard LaTeX package
<<t1.cmap>>)
(C:\Users\ztoffv\AppData\Local\Programs\MiKTeX\tex/latex/amsmath\amsmath.sty
Package: amsmath 2024/05/23 v2.17q AMS math features
\@mathmargin=\skip51

For additional information on amsmath, use the `?' option.
(C:\Users\ztoffv\AppData\Local\Programs\MiKTeX\tex/latex/amsmath\amstext.sty
Package: amstext 2021/08/26 v2.01 AMS text

(C:\Users\ztoffv\AppData\Local\Programs\MiKTeX\tex/latex/amsmath\amsgen.sty
File: amsgen.sty 1999/11/30 v2.0 generic functions
\@emptytoks=\toks19
\ex@=\dimen142
))
(C:\Users\ztoffv\AppData\Local\Programs\MiKTeX\tex/latex/amsmath\amsbsy.sty
Package: amsbsy 1999/11/29 v1.2d Bold Symbols
\pmbraise@=\dimen143
)
(C:\Users\ztoffv\AppData\Local\Programs\MiKTeX\tex/latex/amsmath\amsopn.sty
Package: amsopn 2022/04/08 v2.04 operator names
)
\inf@bad=\count269
LaTeX Info: Redefining \frac on input line 233.
\uproot@=\count270
\leftroot@=\count271
LaTeX Info: Redefining \overline on input line 398.
LaTeX Info: Redefining \colon on input line 409.
\classnum@=\count272
\DOTSCASE@=\count273
LaTeX Info: Redefining \ldots on input line 495.
LaTeX Info: Redefining \dots on input line 498.
LaTeX Info: Redefining \cdots on input line 619.
\Mathstrutbox@=\box52
\strutbox@=\box53
LaTeX Info: Redefining \big on input line 721.
LaTeX Info: Redefining \Big on input line 722.
LaTeX Info: Redefining \bigg on input line 723.
LaTeX Info: Redefining \Bigg on input line 724.
\big@size=\dimen144
LaTeX Font Info:    Redeclaring font encoding OML on input line 742.
LaTeX Font Info:    Redeclaring font encoding OMS on input line 743.
\macc@depth=\count274
LaTeX Info: Redefining \bmod on input line 904.
LaTeX Info: Redefining \pmod on input line 909.
LaTeX Info: Redefining \smash on input line 939.
LaTeX Info: Redefining \relbar on input line 969.
LaTeX Info: Redefining \Relbar on input line 970.
\c@MaxMatrixCols=\count275
\dotsspace@=\muskip17
\c@parentequation=\count276
\dspbrk@lvl=\count277
\tag@help=\toks20
\row@=\count278
\column@=\count279
\maxfields@=\count280
\andhelp@=\toks21
\eqnshift@=\dimen145
\alignsep@=\dimen146
\tagshift@=\dimen147
\tagwidth@=\dimen148
\totwidth@=\dimen149
\lineht@=\dimen150
\@envbody=\toks22
\multlinegap=\skip52
\multlinetaggap=\skip53
\mathdisplay@stack=\toks23
LaTeX Info: Redefining \[ on input line 2953.
LaTeX Info: Redefining \] on input line 2954.
)
(C:\Users\ztoffv\AppData\Local\Programs\MiKTeX\tex/latex/amsfonts\amssymb.sty
Package: amssymb 2013/01/14 v3.01 AMS font symbols

(C:\Users\ztoffv\AppData\Local\Programs\MiKTeX\tex/latex/amsfonts\amsfonts.sty
Package: amsfonts 2013/01/14 v3.01 Basic AMSFonts support
\symAMSa=\mathgroup4
\symAMSb=\mathgroup5
LaTeX Font Info:    Redeclaring math symbol \hbar on input line 98.
LaTeX Font Info:    Overwriting math alphabet `\mathfrak' in version `bold'
(Font)                  U/euf/m/n --> U/euf/b/n on input line 106.
)) (C:\Users\ztoffv\AppData\Local\Programs\MiKTeX\tex/generic/babel\babel.sty
Package: babel 2024/08/29 v24.9 The Babel package
\babel@savecnt=\count281
\U@D=\dimen151
\l@unhyphenated=\language79

(C:\Users\ztoffv\AppData\Local\Programs\MiKTeX\tex/generic/babel\txtbabel.def)
\bbl@readstream=\read2
\bbl@dirlevel=\count282

*************************************
* Local config file bblopts.cfg used
*
(C:\Users\ztoffv\AppData\Local\Programs\MiKTeX\tex/latex/arabi\bblopts.cfg
File: bblopts.cfg 2005/09/08 v0.1 add Arabic and Farsi to "declared" options of
 babel
)
(C:\Users\ztoffv\AppData\Local\Programs\MiKTeX\tex/generic/babel-french\french.
ldf
Language: french 2024-07-25 v3.6c French support from the babel system
Package babel Info: Hyphen rules for 'acadian' set to \l@french
(babel)             (\language22). Reported on input line 91.
Package babel Info: Hyphen rules for 'canadien' set to \l@french
(babel)             (\language22). Reported on input line 92.
\FB@stdchar=\count283
Package babel Info: Making : an active character on input line 421.
Package babel Info: Making ; an active character on input line 422.
Package babel Info: Making ! an active character on input line 423.
Package babel Info: Making ? an active character on input line 424.
\FBguill@level=\count284
\FBold@everypar=\toks24
\FB@Mht=\dimen152
\mc@charclass=\count285
\mc@charfam=\count286
\mc@charslot=\count287
\std@mcc=\count288
\dec@mcc=\count289
\FB@parskip=\dimen153
\listindentFB=\dimen154
\descindentFB=\dimen155
\labelindentFB=\dimen156
\labelwidthFB=\dimen157
\leftmarginFB=\dimen158
\parindentFFN=\dimen159
\FBfnindent=\dimen160
))
(C:\Users\ztoffv\AppData\Local\Programs\MiKTeX\tex/generic/babel/locale/fr\babe
l-french.tex
Package babel Info: Importing font and identification data for french
(babel)             from babel-fr.ini. Reported on input line 11.
)
(C:\Users\ztoffv\AppData\Local\Programs\MiKTeX\tex/latex/carlisle\scalefnt.sty)
(C:\Users\ztoffv\AppData\Local\Programs\MiKTeX\tex/latex/tex-gyre\tgtermes.sty
Package: tgtermes 2009/09/27 v1.2 TeX Gyre Termes as default roman family

(C:\Users\ztoffv\AppData\Local\Programs\MiKTeX\tex/latex/kvoptions\kvoptions.st
y
Package: kvoptions 2022-06-15 v3.15 Key value format for package options (HO)
 (C:\Users\ztoffv\AppData\Local\Programs\MiKTeX\tex/latex/graphics\keyval.sty
Package: keyval 2022/05/29 v1.15 key=value parser (DPC)
\KV@toks@=\toks25
) (C:\Users\ztoffv\AppData\Local\Programs\MiKTeX\tex/generic/ltxcmds\ltxcmds.st
y
Package: ltxcmds 2023-12-04 v1.26 LaTeX kernel commands for general use (HO)
)
(C:\Users\ztoffv\AppData\Local\Programs\MiKTeX\tex/latex/kvsetkeys\kvsetkeys.st
y
Package: kvsetkeys 2022-10-05 v1.19 Key value parser (HO)
)))
(C:\Users\ztoffv\AppData\Local\Programs\MiKTeX\tex/latex/tex-gyre\tgheros.sty
Package: tgheros 2009/09/27 v1.2 TeX Gyre Heros as default sans serif family
)
(C:\Users\ztoffv\AppData\Local\Programs\MiKTeX\tex/latex/fncychap\fncychap.sty
Package: fncychap 2007/07/30 v1.34 LaTeX package (Revised chapters)
\RW=\skip54
\mylen=\skip55
\myhi=\skip56
\px=\skip57
\py=\skip58
\pyy=\skip59
\pxx=\skip60
) (sphinx.sty
Package: sphinx 2024/07/01 v7.4.0 Sphinx LaTeX package (sphinx-doc)

(C:\Users\ztoffv\AppData\Local\Programs\MiKTeX\tex/latex/xcolor\xcolor.sty
Package: xcolor 2023/11/15 v3.01 LaTeX color extensions (UK)

(C:\Users\ztoffv\AppData\Local\Programs\MiKTeX\tex/latex/graphics-cfg\color.cfg
File: color.cfg 2016/01/02 v1.6 sample color configuration
)
Package xcolor Info: Driver file: pdftex.def on input line 274.

(C:\Users\ztoffv\AppData\Local\Programs\MiKTeX\tex/latex/graphics-def\pdftex.de
f
File: pdftex.def 2024/04/13 v1.2c Graphics/color driver for pdftex
)
(C:\Users\ztoffv\AppData\Local\Programs\MiKTeX\tex/latex/graphics\mathcolor.ltx
)
Package xcolor Info: Model `cmy' substituted by `cmy0' on input line 1350.
Package xcolor Info: Model `hsb' substituted by `rgb' on input line 1354.
Package xcolor Info: Model `RGB' extended on input line 1366.
Package xcolor Info: Model `HTML' substituted by `rgb' on input line 1368.
Package xcolor Info: Model `Hsb' substituted by `hsb' on input line 1369.
Package xcolor Info: Model `tHsb' substituted by `hsb' on input line 1370.
Package xcolor Info: Model `HSB' substituted by `hsb' on input line 1371.
Package xcolor Info: Model `Gray' substituted by `gray' on input line 1372.
Package xcolor Info: Model `wave' substituted by `hsb' on input line 1373.
) (sphinxoptionshyperref.sty
File: sphinxoptionshyperref.sty 2021/01/27 hyperref
) (sphinxoptionsgeometry.sty
File: sphinxoptionsgeometry.sty 2021/01/27 geometry
)
(C:\Users\ztoffv\AppData\Local\Programs\MiKTeX\tex/latex/base\textcomp.sty
Package: textcomp 2024/04/24 v2.1b Standard LaTeX package
)
(C:\Users\ztoffv\AppData\Local\Programs\MiKTeX\tex/latex/float\float.sty
Package: float 2001/11/08 v1.3d Float enhancements (AL)
\c@float@type=\count290
\float@exts=\toks26
\float@box=\box54
\@float@everytoks=\toks27
\@floatcapt=\box55
)
(C:\Users\ztoffv\AppData\Local\Programs\MiKTeX\tex/latex/wrapfig\wrapfig.sty
\wrapoverhang=\dimen161
\WF@size=\dimen162
\c@WF@wrappedlines=\count291
\WF@box=\box56
\WF@everypar=\toks28
Package: wrapfig 2003/01/31  v 3.6
)
(C:\Users\ztoffv\AppData\Local\Programs\MiKTeX\tex/latex/capt-of\capt-of.sty
Package: capt-of 2009/12/29 v0.2 standard captions outside of floats
)
(C:\Users\ztoffv\AppData\Local\Programs\MiKTeX\tex/latex/tools\multicol.sty
Package: multicol 2024/05/23 v1.9h multicolumn formatting (FMi)
\c@tracingmulticols=\count292
\mult@box=\box57
\multicol@leftmargin=\dimen163
\c@unbalance=\count293
\c@collectmore=\count294
\doublecol@number=\count295
\multicoltolerance=\count296
\multicolpretolerance=\count297
\full@width=\dimen164
\page@free=\dimen165
\premulticols=\dimen166
\postmulticols=\dimen167
\multicolsep=\skip61
\multicolbaselineskip=\skip62
\partial@page=\box58
\last@line=\box59
\mc@boxedresult=\box60
\maxbalancingoverflow=\dimen168
\mult@rightbox=\box61
\mult@grightbox=\box62
\mult@firstbox=\box63
\mult@gfirstbox=\box64
\@tempa=\box65
\@tempa=\box66
\@tempa=\box67
\@tempa=\box68
\@tempa=\box69
\@tempa=\box70
\@tempa=\box71
\@tempa=\box72
\@tempa=\box73
\@tempa=\box74
\@tempa=\box75
\@tempa=\box76
\@tempa=\box77
\@tempa=\box78
\@tempa=\box79
\@tempa=\box80
\@tempa=\box81
\@tempa=\box82
\@tempa=\box83
\@tempa=\box84
\@tempa=\box85
\@tempa=\box86
\@tempa=\box87
\@tempa=\box88
\@tempa=\box89
\@tempa=\box90
\@tempa=\box91
\@tempa=\box92
\@tempa=\box93
\@tempa=\box94
\@tempa=\box95
\@tempa=\box96
\@tempa=\box97
\@tempa=\box98
\@tempa=\box99
\@tempa=\box100
\c@minrows=\count298
\c@columnbadness=\count299
\c@finalcolumnbadness=\count300
\last@try=\dimen169
\multicolovershoot=\dimen170
\multicolundershoot=\dimen171
\mult@nat@firstbox=\box101
\colbreak@box=\box102
\mc@col@check@num=\count301
)
(C:\Users\ztoffv\AppData\Local\Programs\MiKTeX\tex/latex/graphics\graphicx.sty
Package: graphicx 2021/09/16 v1.2d Enhanced LaTeX Graphics (DPC,SPQR)

(C:\Users\ztoffv\AppData\Local\Programs\MiKTeX\tex/latex/graphics\graphics.sty
Package: graphics 2024/05/23 v1.4g Standard LaTeX Graphics (DPC,SPQR)

(C:\Users\ztoffv\AppData\Local\Programs\MiKTeX\tex/latex/graphics\trig.sty
Package: trig 2023/12/02 v1.11 sin cos tan (DPC)
)
(C:\Users\ztoffv\AppData\Local\Programs\MiKTeX\tex/latex/graphics-cfg\graphics.
cfg
File: graphics.cfg 2016/06/04 v1.11 sample graphics configuration
)
Package graphics Info: Driver file: pdftex.def on input line 106.
)
\Gin@req@height=\dimen172
\Gin@req@width=\dimen173
) (sphinxlatexgraphics.sty
File: sphinxlatexgraphics.sty 2021/01/27 graphics
\spx@image@maxheight=\dimen174
\spx@image@box=\box103
) (sphinxpackageboxes.sty
Package: sphinxpackageboxes 2024/07/01 v7.4.0 advanced colored boxes

(C:\Users\ztoffv\AppData\Local\Programs\MiKTeX\tex/latex/pict2e\pict2e.sty
Package: pict2e 2020/09/30 v0.4b Improved picture commands (HjG,RN,JT)

(C:\Users\ztoffv\AppData\Local\Programs\MiKTeX\tex/latex/pict2e\pict2e.cfg
File: pict2e.cfg 2016/02/05 v0.1u pict2e configuration for teTeX/TeXLive
)
Package pict2e Info: Driver file: pdftex.def on input line 112.
Package pict2e Info: Driver file for pict2e: p2e-pdftex.def on input line 114.

(C:\Users\ztoffv\AppData\Local\Programs\MiKTeX\tex/latex/pict2e\p2e-pdftex.def
File: p2e-pdftex.def 2016/02/05 v0.1u Driver-dependant file (RN,HjG,JT)
)
\pIIe@GRAPH=\toks29
\@arclen=\dimen175
\@arcrad=\dimen176
\pIIe@tempdima=\dimen177
\pIIe@tempdimb=\dimen178
\pIIe@tempdimc=\dimen179
\pIIe@tempdimd=\dimen180
\pIIe@tempdime=\dimen181
\pIIe@tempdimf=\dimen182
) (C:\Users\ztoffv\AppData\Local\Programs\MiKTeX\tex/latex/ellipse\ellipse.sty
Package: ellipse 2004/11/05 v1.0 .dtx ellipse file
)
\@tempdimd=\dimen183
\spx@tempboxa=\box104
\spx@tempboxb=\box105
\spx@boxes@border@top=\dimen184
\spx@boxes@border@right=\dimen185
\spx@boxes@border@bottom=\dimen186
\spx@boxes@border@left=\dimen187
\spx@boxes@padding@top=\dimen188
\spx@boxes@padding@right=\dimen189
\spx@boxes@padding@bottom=\dimen190
\spx@boxes@padding@left=\dimen191
\spx@boxes@shadow@xoffset=\dimen192
\spx@boxes@shadow@yoffset=\dimen193
\spx@boxes@radius@topleft@x=\dimen194
\spx@boxes@radius@topright@x=\dimen195
\spx@boxes@radius@bottomright@x=\dimen196
\spx@boxes@radius@bottomleft@x=\dimen197
\spx@boxes@radius@topleft@y=\dimen198
\spx@boxes@radius@topright@y=\dimen199
\spx@boxes@radius@bottomright@y=\dimen256
\spx@boxes@radius@bottomleft@y=\dimen257
) (sphinxlatexadmonitions.sty
File: sphinxlatexadmonitions.sty 2024/07/01 v7.4.0 admonitions

(C:\Users\ztoffv\AppData\Local\Programs\MiKTeX\tex/latex/framed\framed.sty
Package: framed 2011/10/22 v 0.96: framed or shaded text with page breaks
\OuterFrameSep=\skip63
\fb@frw=\dimen258
\fb@frh=\dimen259
\FrameRule=\dimen260
\FrameSep=\dimen261
)
\spx@notice@border=\dimen262
\c@sphinxtodo=\count302
)
(sphinxlatexliterals.sty
File: sphinxlatexliterals.sty 2024/07/01 v7.4.0 code-blocks and parsed literals


(C:\Users\ztoffv\AppData\Local\Programs\MiKTeX\tex/latex/fancyvrb\fancyvrb.sty
Package: fancyvrb 2024/01/20 4.5c verbatim text (tvz,hv)
\FV@CodeLineNo=\count303
\FV@InFile=\read3
\FV@TabBox=\box106
\c@FancyVerbLine=\count304
\FV@StepNumber=\count305
\FV@OutFile=\write3
) (C:\Users\ztoffv\AppData\Local\Programs\MiKTeX\tex/latex/base\alltt.sty
Package: alltt 2024/02/08 v2.0g defines alltt environment
)
(C:\Users\ztoffv\AppData\Local\Programs\MiKTeX\tex/latex/upquote\upquote.sty
Package: upquote 2012/04/19 v1.3 upright-quote and grave-accent glyphs in verba
tim
)
(C:\Users\ztoffv\AppData\Local\Programs\MiKTeX\tex/latex/needspace\needspace.st
y
Package: needspace 2010/09/12 v1.3d reserve vertical space
)
\sphinxcontinuationbox=\box107
\sphinxvisiblespacebox=\box108
\sphinxVerbatim@TitleBox=\box109
\sphinxVerbatim@ContentsBox=\box110
) (sphinxlatexshadowbox.sty
File: sphinxlatexshadowbox.sty 2023/03/19 sphinxShadowBox
) (sphinxlatexcontainers.sty
File: sphinxlatexcontainers.sty 2021/05/03 containers
) (sphinxhighlight.sty
Package: sphinxhighlight 2022/06/30 stylesheet for highlighting with pygments
) (sphinxlatextables.sty
File: sphinxlatextables.sty 2024/07/01 v7.4.0 tables

(C:\Users\ztoffv\AppData\Local\Programs\MiKTeX\tex/latex/tabulary\tabulary.sty
Package: tabulary 2024/06/04 v0.11 tabulary package (DPC)

(C:\Users\ztoffv\AppData\Local\Programs\MiKTeX\tex/latex/tools\array.sty
Package: array 2024/06/14 v2.6d Tabular extension package (FMi)
\col@sep=\dimen263
\ar@mcellbox=\box111
\extrarowheight=\dimen264
\NC@list=\toks30
\extratabsurround=\skip64
\backup@length=\skip65
\ar@cellbox=\box112
)
\TY@count=\count306
\TY@linewidth=\dimen265
\tymin=\dimen266
\tymax=\dimen267
\TY@tablewidth=\dimen268
)
(C:\Users\ztoffv\AppData\Local\Programs\MiKTeX\tex/latex/tools\longtable.sty
Package: longtable 2024-04-26 v4.20 Multi-page Table package (DPC)
\LTleft=\skip66
\LTright=\skip67
\LTpre=\skip68
\LTpost=\skip69
\LTchunksize=\count307
\LTcapwidth=\dimen269
\LT@head=\box113
\LT@firsthead=\box114
\LT@foot=\box115
\LT@lastfoot=\box116
\LT@gbox=\box117
\LT@cols=\count308
\LT@rows=\count309
\c@LT@tables=\count310
\c@LT@chunks=\count311
\LT@p@ftn=\toks31
)
(C:\Users\ztoffv\AppData\Local\Programs\MiKTeX\tex/latex/varwidth\varwidth.sty
Package: varwidth 2009/03/30 ver 0.92;  Variable-width minipages
\@vwid@box=\box118
\sift@deathcycles=\count312
\@vwid@loff=\dimen270
\@vwid@roff=\dimen271
)
\sphinx@TY@tablewidth=\dimen272
(C:\Users\ztoffv\AppData\Local\Programs\MiKTeX\tex/latex/colortbl\colortbl.sty
Package: colortbl 2024/07/06 v1.0i Color table columns (DPC)
\everycr=\toks32
\minrowclearance=\skip70
\rownum=\count313
) (C:\Users\ztoffv\AppData\Local\Programs\MiKTeX\tex/latex/booktabs\booktabs.st
y
Package: booktabs 2020/01/12 v1.61803398 Publication quality tables
\heavyrulewidth=\dimen273
\lightrulewidth=\dimen274
\cmidrulewidth=\dimen275
\belowrulesep=\dimen276
\belowbottomsep=\dimen277
\aboverulesep=\dimen278
\abovetopsep=\dimen279
\cmidrulesep=\dimen280
\cmidrulekern=\dimen281
\defaultaddspace=\dimen282
\@cmidla=\count314
\@cmidlb=\count315
\@aboverulesep=\dimen283
\@belowrulesep=\dimen284
\@thisruleclass=\count316
\@lastruleclass=\count317
\@thisrulewidth=\dimen285
)) (sphinxlatexnumfig.sty
File: sphinxlatexnumfig.sty 2021/01/27 numbering
) (sphinxlatexlists.sty
File: sphinxlatexlists.sty 2021/12/20 lists
\spx@lineitemlabel=\toks33
)
\c@sphinxscope=\count318
 (sphinxpackagefootnote.sty
Package: sphinxpackagefootnote 2024/05/17 v7.3.x Sphinx custom footnotehyper pa
ckage (Sphinx team)
\FNH@notes=\box119
\FNH@toks=\toks34
\FNH@width=\dimen286
\c@sphinxfootnotemark=\count319
)
(sphinxlatexindbibtoc.sty
File: sphinxlatexindbibtoc.sty 2021/01/27 index, bib., toc

(C:\Users\ztoffv\AppData\Local\Programs\MiKTeX\tex/latex/base\makeidx.sty
Package: makeidx 2021/10/04 v1.0m Standard LaTeX package
))
(sphinxlatexstylepage.sty
File: sphinxlatexstylepage.sty 2021/01/27 page styling

(C:\Users\ztoffv\AppData\Local\Programs\MiKTeX\tex/latex/parskip\parskip.sty
Rollback for package 'parskip' requested -> version 'v1'.
         This corresponds to the release introduced on 2001-04-09.

(C:\Users\ztoffv\AppData\Local\Programs\MiKTeX\tex/latex/parskip\parskip-2001-0
4-09.sty
Package: parskip 2001/04/09 non-zero parskip adjustments
))
(C:\Users\ztoffv\AppData\Local\Programs\MiKTeX\tex/latex/fancyhdr\fancyhdr.sty
Package: fancyhdr 2024/07/23 v4.3.1 Extensive control of page headers and foote
rs
\f@nch@headwidth=\skip71
\f@nch@O@elh=\skip72
\f@nch@O@erh=\skip73
\f@nch@O@olh=\skip74
\f@nch@O@orh=\skip75
\f@nch@O@elf=\skip76
\f@nch@O@erf=\skip77
\f@nch@O@olf=\skip78
\f@nch@O@orf=\skip79
)) (sphinxlatexstyleheadings.sty
File: sphinxlatexstyleheadings.sty 2023/02/11 headings

(C:\Users\ztoffv\AppData\Local\Programs\MiKTeX\tex/latex/titlesec\titlesec.sty
Package: titlesec 2023/10/27 v2.16 Sectioning titles
\ttl@box=\box120
\beforetitleunit=\skip80
\aftertitleunit=\skip81
\ttl@plus=\dimen287
\ttl@minus=\dimen288
\ttl@toksa=\toks35
\titlewidth=\dimen289
\titlewidthlast=\dimen290
\titlewidthfirst=\dimen291
)) (sphinxlatexstyletext.sty
File: sphinxlatexstyletext.sty 2024/07/01 v7.4.0 text styling
) (sphinxlatexobjects.sty
File: sphinxlatexobjects.sty 2023/07/23 documentation environments
\sphinxsignaturesep=\skip82
\sphinxsignaturelistskip=\skip83
\py@argswidth=\skip84
\lineblockindentation=\skip85
\DUlineblockindent=\skip86
))
(C:\Users\ztoffv\AppData\Local\Programs\MiKTeX\tex/latex/geometry\geometry.sty
Package: geometry 2020/01/02 v5.9 Page Geometry

(C:\Users\ztoffv\AppData\Local\Programs\MiKTeX\tex/generic/iftex\ifvtex.sty
Package: ifvtex 2019/10/25 v1.7 ifvtex legacy package. Use iftex instead.

(C:\Users\ztoffv\AppData\Local\Programs\MiKTeX\tex/generic/iftex\iftex.sty
Package: iftex 2022/02/03 v1.0f TeX engine tests
))
\Gm@cnth=\count320
\Gm@cntv=\count321
\c@Gm@tempcnt=\count322
\Gm@bindingoffset=\dimen292
\Gm@wd@mp=\dimen293
\Gm@odd@mp=\dimen294
\Gm@even@mp=\dimen295
\Gm@layoutwidth=\dimen296
\Gm@layoutheight=\dimen297
\Gm@layouthoffset=\dimen298
\Gm@layoutvoffset=\dimen299
\Gm@dimlist=\toks36

(C:\Users\ztoffv\AppData\Local\Programs\MiKTeX\tex/latex/geometry\geometry.cfg)
)
(C:\Users\ztoffv\AppData\Local\Programs\MiKTeX\tex/latex/hyperref\hyperref.sty
Package: hyperref 2024-07-10 v7.01j Hypertext links for LaTeX

(C:\Users\ztoffv\AppData\Local\Programs\MiKTeX\tex/generic/kvdefinekeys\kvdefin
ekeys.sty
Package: kvdefinekeys 2019-12-19 v1.6 Define keys (HO)
)
(C:\Users\ztoffv\AppData\Local\Programs\MiKTeX\tex/generic/pdfescape\pdfescape.
sty
Package: pdfescape 2019/12/09 v1.15 Implements pdfTeX's escape features (HO)

(C:\Users\ztoffv\AppData\Local\Programs\MiKTeX\tex/generic/pdftexcmds\pdftexcmd
s.sty
Package: pdftexcmds 2020-06-27 v0.33 Utility functions of pdfTeX for LuaTeX (HO
)

(C:\Users\ztoffv\AppData\Local\Programs\MiKTeX\tex/generic/infwarerr\infwarerr.
sty
Package: infwarerr 2019/12/03 v1.5 Providing info/warning/error messages (HO)
)
Package pdftexcmds Info: \pdf@primitive is available.
Package pdftexcmds Info: \pdf@ifprimitive is available.
Package pdftexcmds Info: \pdfdraftmode found.
))
(C:\Users\ztoffv\AppData\Local\Programs\MiKTeX\tex/latex/hycolor\hycolor.sty
Package: hycolor 2020-01-27 v1.10 Color options for hyperref/bookmark (HO)
)
(C:\Users\ztoffv\AppData\Local\Programs\MiKTeX\tex/latex/hyperref\nameref.sty
Package: nameref 2023-11-26 v2.56 Cross-referencing by name of section

(C:\Users\ztoffv\AppData\Local\Programs\MiKTeX\tex/latex/refcount\refcount.sty
Package: refcount 2019/12/15 v3.6 Data extraction from label references (HO)
)
(C:\Users\ztoffv\AppData\Local\Programs\MiKTeX\tex/generic/gettitlestring\getti
tlestring.sty
Package: gettitlestring 2019/12/15 v1.6 Cleanup title references (HO)
)
\c@section@level=\count323
)
(C:\Users\ztoffv\AppData\Local\Programs\MiKTeX\tex/latex/etoolbox\etoolbox.sty
Package: etoolbox 2020/10/05 v2.5k e-TeX tools for LaTeX (JAW)
\etb@tempcnta=\count324
)
(C:\Users\ztoffv\AppData\Local\Programs\MiKTeX\tex/generic/stringenc\stringenc.
sty
Package: stringenc 2019/11/29 v1.12 Convert strings between diff. encodings (HO
)
)
\@linkdim=\dimen300
\Hy@linkcounter=\count325
\Hy@pagecounter=\count326

(C:\Users\ztoffv\AppData\Local\Programs\MiKTeX\tex/latex/hyperref\pd1enc.def
File: pd1enc.def 2024-07-10 v7.01j Hyperref: PDFDocEncoding definition (HO)
Now handling font encoding PD1 ...
... no UTF-8 mapping file for font encoding PD1
)
(C:\Users\ztoffv\AppData\Local\Programs\MiKTeX\tex/generic/intcalc\intcalc.sty
Package: intcalc 2019/12/15 v1.3 Expandable calculations with integers (HO)
)
\Hy@SavedSpaceFactor=\count327
(C:\Users\ztoffv\AppData\Local\Programs\MiKTeX\tex/latex/hyperref\puenc.def
File: puenc.def 2024-07-10 v7.01j Hyperref: PDF Unicode definition (HO)
Now handling font encoding PU ...
... no UTF-8 mapping file for font encoding PU
)
Package hyperref Info: Option `unicode' set `true' on input line 4040.
Package hyperref Info: Option `colorlinks' set `true' on input line 4040.
Package hyperref Info: Option `breaklinks' set `true' on input line 4040.
Package hyperref Info: Hyper figures OFF on input line 4157.
Package hyperref Info: Link nesting OFF on input line 4162.
Package hyperref Info: Hyper index ON on input line 4165.
Package hyperref Info: Plain pages OFF on input line 4172.
Package hyperref Info: Backreferencing OFF on input line 4177.
Package hyperref Info: Implicit mode ON; LaTeX internals redefined.
Package hyperref Info: Bookmarks ON on input line 4424.
\c@Hy@tempcnt=\count328

(C:\Users\ztoffv\AppData\Local\Programs\MiKTeX\tex/latex/url\url.sty
\Urlmuskip=\muskip18
Package: url 2013/09/16  ver 3.4  Verb mode for urls, etc.
)
LaTeX Info: Redefining \url on input line 4763.
\XeTeXLinkMargin=\dimen301

(C:\Users\ztoffv\AppData\Local\Programs\MiKTeX\tex/generic/bitset\bitset.sty
Package: bitset 2019/12/09 v1.3 Handle bit-vector datatype (HO)

(C:\Users\ztoffv\AppData\Local\Programs\MiKTeX\tex/generic/bigintcalc\bigintcal
c.sty
Package: bigintcalc 2019/12/15 v1.5 Expandable calculations on big integers (HO
)
))
\Fld@menulength=\count329
\Field@Width=\dimen302
\Fld@charsize=\dimen303
Package hyperref Info: Hyper figures OFF on input line 6042.
Package hyperref Info: Link nesting OFF on input line 6047.
Package hyperref Info: Hyper index ON on input line 6050.
Package hyperref Info: backreferencing OFF on input line 6057.
Package hyperref Info: Link coloring ON on input line 6060.
Package hyperref Info: Link coloring with OCG OFF on input line 6067.
Package hyperref Info: PDF/A mode OFF on input line 6072.

(C:\Users\ztoffv\AppData\Local\Programs\MiKTeX\tex/latex/base\atbegshi-ltx.sty
Package: atbegshi-ltx 2021/01/10 v1.0c Emulation of the original atbegshi
package with kernel methods
)
\Hy@abspage=\count330
\c@Item=\count331
\c@Hfootnote=\count332
)
Package hyperref Info: Driver (autodetected): hpdftex.
 (C:\Users\ztoffv\AppData\Local\Programs\MiKTeX\tex/latex/hyperref\hpdftex.def
File: hpdftex.def 2024-07-10 v7.01j Hyperref driver for pdfTeX

(C:\Users\ztoffv\AppData\Local\Programs\MiKTeX\tex/latex/base\atveryend-ltx.sty
Package: atveryend-ltx 2020/08/19 v1.0a Emulation of the original atveryend pac
kage
with kernel methods
)
\Fld@listcount=\count333
\c@bookmark@seq@number=\count334

(C:\Users\ztoffv\AppData\Local\Programs\MiKTeX\tex/latex/rerunfilecheck\rerunfi
lecheck.sty
Package: rerunfilecheck 2022-07-10 v1.10 Rerun checks for auxiliary files (HO)

(C:\Users\ztoffv\AppData\Local\Programs\MiKTeX\tex/generic/uniquecounter\unique
counter.sty
Package: uniquecounter 2019/12/15 v1.4 Provide unlimited unique counter (HO)
)
Package uniquecounter Info: New unique counter `rerunfilecheck' on input line 2
85.
)
\Hy@SectionHShift=\skip87
)
(C:\Users\ztoffv\AppData\Local\Programs\MiKTeX\tex/latex/hypcap\hypcap.sty
Package: hypcap 2024-07-26 v1.13 Adjusting the anchors of captions (HO)

(C:\Users\ztoffv\AppData\Local\Programs\MiKTeX\tex/latex/letltxmacro\letltxmacr
o.sty
Package: letltxmacro 2019/12/03 v1.6 Let assignment for LaTeX macros (HO)
)) (sphinxmessages.sty
Package: sphinxmessages 2019/01/04 v2.0 Localized LaTeX macros (Sphinx team)
)
\@indexfile=\write4
\openout4 = `plateformecartographiqueole.idx'.


Writing index file plateformecartographiqueole.idx
LaTeX Font Info:    Trying to load font information for T1+qtm on input line 75
.
(C:\Users\ztoffv\AppData\Local\Programs\MiKTeX\tex/latex/tex-gyre\t1qtm.fd
File: t1qtm.fd 2009/09/25 v1.2 font definition file for T1/qtm
)
(C:\Users\ztoffv\AppData\Local\Programs\MiKTeX\tex/latex/l3backend\l3backend-pd
ftex.def
File: l3backend-pdftex.def 2024-05-08 L3 backend support: PDF output (pdfTeX)
\l__color_backend_stack_int=\count335
\l__pdf_internal_box=\box121
) (plateformecartographiqueole.aux)
\openout1 = `plateformecartographiqueole.aux'.

LaTeX Font Info:    Checking defaults for OML/cmm/m/it on input line 75.
LaTeX Font Info:    ... okay on input line 75.
LaTeX Font Info:    Checking defaults for OMS/cmsy/m/n on input line 75.
LaTeX Font Info:    ... okay on input line 75.
LaTeX Font Info:    Checking defaults for OT1/cmr/m/n on input line 75.
LaTeX Font Info:    ... okay on input line 75.
LaTeX Font Info:    Checking defaults for T1/cmr/m/n on input line 75.
LaTeX Font Info:    ... okay on input line 75.
LaTeX Font Info:    Checking defaults for TS1/cmr/m/n on input line 75.
LaTeX Font Info:    ... okay on input line 75.
LaTeX Font Info:    Checking defaults for OMX/cmex/m/n on input line 75.
LaTeX Font Info:    ... okay on input line 75.
LaTeX Font Info:    Checking defaults for U/cmr/m/n on input line 75.
LaTeX Font Info:    ... okay on input line 75.
LaTeX Font Info:    Checking defaults for PD1/pdf/m/n on input line 75.
LaTeX Font Info:    ... okay on input line 75.
LaTeX Font Info:    Checking defaults for PU/pdf/m/n on input line 75.
LaTeX Font Info:    ... okay on input line 75.
LaTeX Info: Redefining \degres on input line 75.
LaTeX Info: Redefining \up on input line 75.

(C:\Users\ztoffv\AppData\Local\Programs\MiKTeX\tex/context/base/mkii\supp-pdf.m
kii
[Loading MPS to PDF converter (version 2006.09.02).]
\scratchcounter=\count336
\scratchdimen=\dimen304
\scratchbox=\box122
\nofMPsegments=\count337
\nofMParguments=\count338
\everyMPshowfont=\toks37
\MPscratchCnt=\count339
\MPscratchDim=\dimen305
\MPnumerator=\count340
\makeMPintoPDFobject=\count341
\everyMPtoPDFconversion=\toks38
)
(C:\Users\ztoffv\AppData\Local\Programs\MiKTeX\tex/latex/epstopdf-pkg\epstopdf-
base.sty
Package: epstopdf-base 2020-01-24 v2.11 Base part for package epstopdf
Package epstopdf-base Info: Redefining graphics rule for `.eps' on input line 4
85.

(C:\Users\ztoffv\AppData\Local\Programs\MiKTeX\tex/latex/00miktex\epstopdf-sys.
cfg
File: epstopdf-sys.cfg 2021/03/18 v2.0 Configuration of epstopdf for MiKTeX
))
(C:\Users\ztoffv\AppData\Local\Programs\MiKTeX\tex/latex/fontawesome5\fontaweso
me5.sty
(C:\Users\ztoffv\AppData\Local\Programs\MiKTeX\tex/latex/l3kernel\expl3.sty
Package: expl3 2024-08-30 L3 programming layer (loader) 
)
Package: fontawesome5 2022/05/02 v5.15.4 Font Awesome 5

(C:\Users\ztoffv\AppData\Local\Programs\MiKTeX\tex/latex/l3packages/l3keys2e\l3
keys2e.sty
Package: l3keys2e 2024-08-16 LaTeX2e option processing using LaTeX3 keys
)
(C:\Users\ztoffv\AppData\Local\Programs\MiKTeX\tex/latex/l3packages/xparse\xpar
se.sty
Package: xparse 2024-08-16 L3 Experimental document command parser
)
(C:\Users\ztoffv\AppData\Local\Programs\MiKTeX\tex/latex/fontawesome5\fontaweso
me5-generic-helper.sty
Package: fontawesome5-generic-helper 2022/05/02 v5.15.4 non-uTeX helper for fon
tawesome5

(C:\Users\ztoffv\AppData\Local\Programs\MiKTeX\tex/latex/fontawesome5\fontaweso
me5-mapping.def)))
\c@literalblock=\count342

*geometry* driver: auto-detecting
*geometry* detected driver: pdftex
*geometry* verbose mode - [ preamble ] result:
* driver: pdftex
* paper: letterpaper
* layout: <same size as paper>
* layoutoffset:(h,v)=(0.0pt,0.0pt)
* modes: twoside 
* h-part:(L,W,R)=(72.26999pt, 469.75502pt, 72.26999pt)
* v-part:(T,H,B)=(72.26999pt, 650.43001pt, 72.26999pt)
* \paperwidth=614.295pt
* \paperheight=794.96999pt
* \textwidth=469.75502pt
* \textheight=650.43001pt
* \oddsidemargin=0.0pt
* \evensidemargin=0.0pt
* \topmargin=-37.0pt
* \headheight=12.0pt
* \headsep=25.0pt
* \topskip=10.0pt
* \footskip=30.0pt
* \marginparwidth=36.135pt
* \marginparsep=11.0pt
* \columnsep=10.0pt
* \skip\footins=9.0pt plus 4.0pt minus 2.0pt
* \hoffset=0.0pt
* \voffset=0.0pt
* \mag=1000
* \@twocolumnfalse
* \@twosidetrue
* \@mparswitchtrue
* \@reversemarginfalse
* (1in=72.27pt=25.4mm, 1cm=28.453pt)

Package hyperref Info: Link coloring ON on input line 75.
(plateformecartographiqueole.out) (plateformecartographiqueole.out)
\@outlinefile=\write5
\openout5 = `plateformecartographiqueole.out'.

Package hyperref Info: Option `pageanchor' set `false' on input line 83.
LaTeX Font Info:    Trying to load font information for T1+qhv on input line 83
.

(C:\Users\ztoffv\AppData\Local\Programs\MiKTeX\tex/latex/tex-gyre\t1qhv.fd
File: t1qhv.fd 2009/09/25 v1.2 font definition file for T1/qhv
)<<ot1.cmap>><<oml.cmap>><<oms.cmap>><<omx.cmap>>
LaTeX Font Info:    Trying to load font information for U+msa on input line 83.


(C:\Users\ztoffv\AppData\Local\Programs\MiKTeX\tex/latex/amsfonts\umsa.fd
File: umsa.fd 2013/01/14 v3.01 AMS symbols A
)
LaTeX Font Info:    Trying to load font information for U+msb on input line 83.


(C:\Users\ztoffv\AppData\Local\Programs\MiKTeX\tex/latex/amsfonts\umsb.fd
File: umsb.fd 2013/01/14 v3.01 AMS symbols B
)

[1

{C:/Users/ztoffv/AppData/Local/MiKTeX/fonts/map/pdftex/pdftex.map}{C:/Users/zto
ffv/AppData/Local/Programs/MiKTeX/fonts/enc/dvips/tex-gyre/q-ec.enc}]

[2


] (plateformecartographiqueole.toc)
\tf@toc=\write6
\openout6 = `plateformecartographiqueole.toc'.



[1

]

[2

]

[1]

[2

]
Chapitre 1.
<catalogue_accueil.png, id=334, 825.0825pt x 429.10312pt>
LaTeX Font Info:    Trying to load font information for T1+txtt on input line 1
43.
(C:\Users\ztoffv\AppData\Local\Programs\MiKTeX\tex/latex/txfonts\t1txtt.fd
File: t1txtt.fd 2000/12/15 v3.1
)
File: catalogue_accueil.png Graphic file (type png)
<use catalogue_accueil.png>
Package pdftex.def Info: catalogue_accueil.png  used on input line 143.
(pdftex.def)             Requested size: 451.68457pt x 234.91399pt.


[3]
<catalogue_donnees.png, id=345, 822.07124pt x 429.10312pt>
File: catalogue_donnees.png Graphic file (type png)
<use catalogue_donnees.png>
Package pdftex.def Info: catalogue_donnees.png  used on input line 151.
(pdftex.def)             Requested size: 451.68457pt x 235.76518pt.
<catalogue_orga.png, id=346, 822.07124pt x 429.10312pt>
File: catalogue_orga.png Graphic file (type png)
<use catalogue_orga.png>
Package pdftex.def Info: catalogue_orga.png  used on input line 159.
(pdftex.def)             Requested size: 451.68457pt x 235.76518pt.


[4 <./catalogue_accueil.png> <./catalogue_donnees.png>]
<filter_options.png, id=353, 802.49812pt x 351.56343pt>
File: filter_options.png Graphic file (type png)
<use filter_options.png>
Package pdftex.def Info: filter_options.png  used on input line 190.
(pdftex.def)             Requested size: 451.68457pt x 197.88268pt.


[5 <./catalogue_orga.png> <./filter_options.png>]
<fiche_info.png, id=360, 798.73407pt x 622.57594pt>
File: fiche_info.png Graphic file (type png)
<use fiche_info.png>
Package pdftex.def Info: fiche_info.png  used on input line 239.
(pdftex.def)             Requested size: 451.68457pt x 352.06955pt.


[6 <./fiche_info.png>]
<fiche_previsu.png, id=366, 788.19469pt x 532.23843pt>
File: fiche_previsu.png Graphic file (type png)
<use fiche_previsu.png>
Package pdftex.def Info: fiche_previsu.png  used on input line 254.
(pdftex.def)             Requested size: 451.68457pt x 305.00331pt.
<fiche_table.png, id=367, 790.45313pt x 511.15968pt>
File: fiche_table.png Graphic file (type png)
<use fiche_table.png>
Package pdftex.def Info: fiche_table.png  used on input line 262.
(pdftex.def)             Requested size: 451.68457pt x 292.0894pt.


[7 <./fiche_previsu.png>]
<fiche_graphe.png, id=373, 824.32968pt x 525.46312pt>
File: fiche_graphe.png Graphic file (type png)
<use fiche_graphe.png>
Package pdftex.def Info: fiche_graphe.png  used on input line 270.
(pdftex.def)             Requested size: 451.68457pt x 287.92319pt.
LaTeX Font Info:    Trying to load font information for U+fontawesomefree1 on i
nput line 272.

(C:\Users\ztoffv\AppData\Local\Programs\MiKTeX\tex/latex/fontawesome5\ufontawes
omefree1.fd)
Underfull \vbox (badness 2326) detected at line 275
 []



[8{C:/Users/ztoffv/AppData/Local/Programs/MiKTeX/fonts/enc/dvips/fontawesome5/f
a5free1.enc} <./fiche_table.png> <./fiche_graphe.png>]
<fiche_tele.png, id=381, 797.22844pt x 295.85532pt>
File: fiche_tele.png Graphic file (type png)
<use fiche_tele.png>
Package pdftex.def Info: fiche_tele.png  used on input line 283.
(pdftex.def)             Requested size: 451.68457pt x 167.62354pt.
<fiche_liens.png, id=382, 773.89125pt x 437.38406pt>
File: fiche_liens.png Graphic file (type png)
<use fiche_liens.png>
Package pdftex.def Info: fiche_liens.png  used on input line 288.
(pdftex.def)             Requested size: 451.68457pt x 255.28467pt.
<fiche_carto.png, id=384, 801.74532pt x 523.9575pt>
File: fiche_carto.png Graphic file (type png)
<use fiche_carto.png>
Package pdftex.def Info: fiche_carto.png  used on input line 298.
(pdftex.def)             Requested size: 451.68457pt x 295.18907pt.


[9 <./fiche_tele.png> <./fiche_liens.png>]
<visu_nbr.png, id=396, 1158.729pt x 460.72125pt>
File: visu_nbr.png Graphic file (type png)
<use visu_nbr.png>
Package pdftex.def Info: visu_nbr.png  used on input line 333.
(pdftex.def)             Requested size: 451.68457pt x 179.58917pt.


[10 <./fiche_carto.png>]
<visu_couches_details.png, id=405, 522.753pt x 493.845pt>
File: visu_couches_details.png Graphic file (type png)
<use visu_couches_details.png>
Package pdftex.def Info: visu_couches_details.png  used on input line 382.
(pdftex.def)             Requested size: 451.68457pt x 426.70284pt.


[11 <./visu_nbr.png>]
<visu_couches_button.png, id=411, 105.39375pt x 34.32825pt>
File: visu_couches_button.png Graphic file (type png)
<use visu_couches_button.png>
Package pdftex.def Info: visu_couches_button.png  used on input line 387.
(pdftex.def)             Requested size: 225.84229pt x 73.56172pt.
<visu_cat.png, id=412, 364.36125pt x 486.618pt>
File: visu_cat.png Graphic file (type png)
<use visu_cat.png>
Package pdftex.def Info: visu_cat.png  used on input line 395.
(pdftex.def)             Requested size: 451.68457pt x 603.26643pt.


[12 <./visu_couches_details.png> <./visu_couches_button.png>]
<visu_annotation.png, id=419, 685.3605pt x 386.6445pt>
File: visu_annotation.png Graphic file (type png)
<use visu_annotation.png>
Package pdftex.def Info: visu_annotation.png  used on input line 410.
(pdftex.def)             Requested size: 451.68457pt x 254.82037pt.


[13 <./visu_cat.png>]
<visu_couches_barre.png, id=425, 172.84575pt x 19.87425pt>
File: visu_couches_barre.png Graphic file (type png)
<use visu_couches_barre.png>
Package pdftex.def Info: visu_couches_barre.png  used on input line 415.
(pdftex.def)             Requested size: 376.40381pt x 43.28009pt.
<visu_couches_reglages.png, id=426, 381.22424pt x 35.53275pt>
File: visu_couches_reglages.png Graphic file (type png)
<use visu_couches_reglages.png>
Package pdftex.def Info: visu_couches_reglages.png  used on input line 427.
(pdftex.def)             Requested size: 451.68457pt x 42.10011pt.
<visu_fonds.png, id=427, 317.38576pt x 67.452pt>
File: visu_fonds.png Graphic file (type png)
<use visu_fonds.png>
Package pdftex.def Info: visu_fonds.png  used on input line 466.
(pdftex.def)             Requested size: 451.68457pt x 95.99657pt.


[14 <./visu_annotation.png> <./visu_couches_barre.png> <./visu_couches_reglages
.png>]
<visu_fct.png, id=435, 28.30576pt x 359.54324pt>
File: visu_fct.png Graphic file (type png)
<use visu_fct.png>
Package pdftex.def Info: visu_fct.png  used on input line 474.
(pdftex.def)             Requested size: 37.64038pt x 478.12616pt.


[15 <./visu_fonds.png> <./visu_fct.png>]
<visu_print.png, id=443, 618.51076pt x 460.72125pt>
File: visu_print.png Graphic file (type png)
<use visu_print.png>
Package pdftex.def Info: visu_print.png  used on input line 485.
(pdftex.def)             Requested size: 451.68457pt x 336.45729pt.
<visu_download.png, id=444, 373.395pt x 394.47375pt>
File: visu_download.png Graphic file (type png)
<use visu_download.png>
Package pdftex.def Info: visu_download.png  used on input line 521.
(pdftex.def)             Requested size: 451.68457pt x 477.20636pt.


[16 <./visu_print.png>]

[17 <./visu_download.png>]
<app_global.png, id=461, 1033.461pt x 504.08325pt>
File: app_global.png Graphic file (type png)
<use app_global.png>
Package pdftex.def Info: app_global.png  used on input line 580.
(pdftex.def)             Requested size: 451.68457pt x 220.31282pt.
<app_dashboard.png, id=462, 1153.911pt x 508.90125pt>
File: app_dashboard.png Graphic file (type png)
<use app_dashboard.png>
Package pdftex.def Info: app_dashboard.png  used on input line 585.
(pdftex.def)             Requested size: 451.68457pt x 199.2006pt.


[18 <./app_global.png>]
<app_geostory.png, id=473, 766.66425pt x 490.83376pt>
File: app_geostory.png Graphic file (type png)
<use app_geostory.png>
Package pdftex.def Info: app_geostory.png  used on input line 604.
(pdftex.def)             Requested size: 451.68457pt x 289.17747pt.


[19 <./app_dashboard.png>]

[20 <./app_geostory.png>]
<import.png, id=493, 1061.1645pt x 434.22224pt>
File: import.png Graphic file (type png)
<use import.png>
Package pdftex.def Info: import.png  used on input line 650.
(pdftex.def)             Requested size: 451.68457pt x 184.8236pt.
<import_proj.png, id=494, 960.58875pt x 528.7755pt>
File: import_proj.png Graphic file (type png)
<use import_proj.png>
Package pdftex.def Info: import_proj.png  used on input line 662.
(pdftex.def)             Requested size: 469.75453pt x 258.60202pt.


[21 <./import.png> <./import_proj.png>]
<import_csv.png, id=502, 1063.5735pt x 366.168pt>
File: import_csv.png Graphic file (type png)
<use import_csv.png>
Package pdftex.def Info: import_csv.png  used on input line 679.
(pdftex.def)             Requested size: 469.74272pt x 161.729pt.
<import_shape_titre.png, id=503, 944.328pt x 380.622pt>
File: import_shape_titre.png Graphic file (type png)
<use import_shape_titre.png>
Package pdftex.def Info: import_shape_titre.png  used on input line 691.
(pdftex.def)             Requested size: 451.68457pt x 182.0576pt.
<import_shape_keyword.png, id=504, 567.3195pt x 428.802pt>
File: import_shape_keyword.png Graphic file (type png)
<use import_shape_keyword.png>
Package pdftex.def Info: import_shape_keyword.png  used on input line 696.
(pdftex.def)             Requested size: 451.68457pt x 341.39977pt.


[22 <./import_csv.png> <./import_shape_titre.png>]
<import_shape_time.png, id=511, 613.0905pt x 341.47575pt>
File: import_shape_time.png Graphic file (type png)
<use import_shape_time.png>
Package pdftex.def Info: import_shape_time.png  used on input line 701.
(pdftex.def)             Requested size: 451.68457pt x 251.58347pt.
<import_shape_processus.png, id=512, 598.03426pt x 257.16075pt>
File: import_shape_processus.png Graphic file (type png)
<use import_shape_processus.png>
Package pdftex.def Info: import_shape_processus.png  used on input line 706.
(pdftex.def)             Requested size: 451.68457pt x 194.22777pt.


[23 <./import_shape_keyword.png> <./import_shape_time.png>]
<import_shape_pub.png, id=519, 877.47826pt x 412.54124pt>
File: import_shape_pub.png Graphic file (type png)
<use import_shape_pub.png>
Package pdftex.def Info: import_shape_pub.png  used on input line 711.
(pdftex.def)             Requested size: 451.68457pt x 212.35724pt.


[24 <./import_shape_processus.png> <./import_shape_pub.png>]

[25]

[26

]
Chapitre 2.
<cat_barre.png, id=544, 649.2255pt x 34.32825pt>
File: cat_barre.png Graphic file (type png)
<use cat_barre.png>
Package pdftex.def Info: cat_barre.png  used on input line 787.
(pdftex.def)             Requested size: 469.75018pt x 24.83939pt.


[27 <./cat_barre.png>]
<cat_meta.png, id=556, 1094.8905pt x 455.301pt>
File: cat_meta.png Graphic file (type png)
<use cat_meta.png>
Package pdftex.def Info: cat_meta.png  used on input line 799.
(pdftex.def)             Requested size: 469.75793pt x 195.33792pt.
<cat_fiche.png, id=557, 1140.05925pt x 505.89pt>
File: cat_fiche.png Graphic file (type png)
<use cat_fiche.png>
Package pdftex.def Info: cat_fiche.png  used on input line 805.
(pdftex.def)             Requested size: 469.75836pt x 208.45833pt.


[28 <./cat_meta.png> <./cat_fiche.png>]
<cat_gerer.png, id=564, 692.5875pt x 199.947pt>
File: cat_gerer.png Graphic file (type png)
<use cat_gerer.png>
Package pdftex.def Info: cat_gerer.png  used on input line 819.
(pdftex.def)             Requested size: 469.76964pt x 135.62349pt.
<cat_privileges.png, id=565, 696.80325pt x 355.92975pt>
File: cat_privileges.png Graphic file (type png)
<use cat_privileges.png>
Package pdftex.def Info: cat_privileges.png  used on input line 824.
(pdftex.def)             Requested size: 469.75839pt x 239.97066pt.


[29 <./cat_gerer.png> <./cat_privileges.png>]
<cat_admin_parties.png, id=588, 873.2625pt x 236.082pt>
File: cat_admin_parties.png Graphic file (type png)
<use cat_admin_parties.png>
Package pdftex.def Info: cat_admin_parties.png  used on input line 869.
(pdftex.def)             Requested size: 469.75586pt x 126.99605pt.
<cat_modele.png, id=589, 853.38824pt x 413.1435pt>
File: cat_modele.png Graphic file (type png)
<use cat_modele.png>
Package pdftex.def Info: cat_modele.png  used on input line 878.
(pdftex.def)             Requested size: 419.75253pt x 203.20486pt.
<cat_user.png, id=590, 590.80725pt x 364.9635pt>
File: cat_user.png Graphic file (type png)
<use cat_user.png>
Package pdftex.def Info: cat_user.png  used on input line 888.
(pdftex.def)             Requested size: 419.76456pt x 259.33194pt.


[30 <./cat_admin_parties.png> <./cat_modele.png>]
<cat_moisson.png, id=599, 1147.8885pt x 395.67825pt>
File: cat_moisson.png Graphic file (type png)
<use cat_moisson.png>
Package pdftex.def Info: cat_moisson.png  used on input line 898.
(pdftex.def)             Requested size: 419.75526pt x 144.69002pt.


[31 <./cat_user.png> <./cat_moisson.png>]
<cat_stats.png, id=608, 1118.37825pt x 467.94826pt>
File: cat_stats.png Graphic file (type png)
<use cat_stats.png>
Package pdftex.def Info: cat_stats.png  used on input line 917.
(pdftex.def)             Requested size: 419.74919pt x 175.63011pt.
<cat_rapport.png, id=609, 774.4935pt x 374.5995pt>
File: cat_rapport.png Graphic file (type png)
<use cat_rapport.png>
Package pdftex.def Info: cat_rapport.png  used on input line 928.
(pdftex.def)             Requested size: 419.75658pt x 203.03522pt.


[32 <./cat_stats.png> <./cat_rapport.png>]
<cat_thes.png, id=616, 627.5445pt x 362.5545pt>
File: cat_thes.png Graphic file (type png)
<use cat_thes.png>
Package pdftex.def Info: cat_thes.png  used on input line 960.
(pdftex.def)             Requested size: 419.7536pt x 242.52301pt.
<cat_param.png, id=617, 1145.4795pt x 352.31625pt>
File: cat_param.png Graphic file (type png)
<use cat_param.png>
Package pdftex.def Info: cat_param.png  used on input line 970.
(pdftex.def)             Requested size: 419.74828pt x 129.10776pt.


[33 <./cat_thes.png> <./cat_param.png>]
<cat_outil.png, id=626, 1133.4345pt x 422.17725pt>
File: cat_outil.png Graphic file (type png)
<use cat_outil.png>
Package pdftex.def Info: cat_outil.png  used on input line 987.
(pdftex.def)             Requested size: 419.76198pt x 156.35129pt.
<mapstore_contexte.png, id=629, 1151.502pt x 436.63126pt>
File: mapstore_contexte.png Graphic file (type png)
<use mapstore_contexte.png>
Package pdftex.def Info: mapstore_contexte.png  used on input line 1026.
(pdftex.def)             Requested size: 451.68457pt x 171.27155pt.


[34 <./cat_outil.png>]
<mapstore_plugins.png, id=637, 679.338pt x 325.215pt>
File: mapstore_plugins.png Graphic file (type png)
<use mapstore_plugins.png>
Package pdftex.def Info: mapstore_plugins.png  used on input line 1033.
(pdftex.def)             Requested size: 451.68457pt x 216.23547pt.


[35 <./mapstore_contexte.png> <./mapstore_plugins.png>]
<geos_interface.png, id=653, 935.29425pt x 445.665pt>
File: geos_interface.png Graphic file (type png)
<use geos_interface.png>
Package pdftex.def Info: geos_interface.png  used on input line 1083.
(pdftex.def)             Requested size: 469.75815pt x 223.84518pt.


[36 <./geos_interface.png>]
<geos_secu.png, id=662, 677.53125pt x 398.08725pt>
File: geos_secu.png Graphic file (type png)
<use geos_secu.png>
Package pdftex.def Info: geos_secu.png  used on input line 1123.
(pdftex.def)             Requested size: 469.77148pt x 276.02899pt.
<geos_result.png, id=663, 484.81125pt x 154.176pt>
File: geos_result.png Graphic file (type png)
<use geos_result.png>
Package pdftex.def Info: geos_result.png  used on input line 1155.
(pdftex.def)             Requested size: 469.77809pt x 149.40701pt.


[37 <./geos_secu.png>]
<user_dashboard.png, id=674, 720.291pt x 333.04425pt>
File: user_dashboard.png Graphic file (type png)
<use user_dashboard.png>
Package pdftex.def Info: user_dashboard.png  used on input line 1200.
(pdftex.def)             Requested size: 469.75526pt x 217.21814pt.


[38 <./geos_result.png>]
<user_user.png, id=685, 748.59676pt x 405.31425pt>
File: user_user.png Graphic file (type png)
<use user_user.png>
Package pdftex.def Info: user_user.png  used on input line 1208.
(pdftex.def)             Requested size: 469.74513pt x 254.34743pt.
<user_user_user.png, id=686, 708.84825pt x 486.618pt>
File: user_user_user.png Graphic file (type png)
<use user_user_user.png>
Package pdftex.def Info: user_user_user.png  used on input line 1213.
(pdftex.def)             Requested size: 469.75575pt x 322.5054pt.


[39 <./user_dashboard.png> <./user_user.png>]
<user_orga.png, id=694, 733.5405pt x 186.6975pt>
File: user_orga.png Graphic file (type png)
<use user_orga.png>
Package pdftex.def Info: user_orga.png  used on input line 1221.
(pdftex.def)             Requested size: 469.75533pt x 119.5629pt.
<user_orga_orga.png, id=695, 717.882pt x 517.935pt>
File: user_orga_orga.png Graphic file (type png)
<use user_orga_orga.png>
Package pdftex.def Info: user_orga_orga.png  used on input line 1226.
(pdftex.def)             Requested size: 469.75061pt x 338.92982pt.


[40 <./user_user_user.png> <./user_orga.png>]
<user_role.png, id=702, 701.62125pt x 418.56375pt>
File: user_role.png Graphic file (type png)
<use user_role.png>
Package pdftex.def Info: user_role.png  used on input line 1234.
(pdftex.def)             Requested size: 469.76262pt x 280.25742pt.


[41 <./user_orga_orga.png>]

[42 <./user_role.png>]
<ana.png, id=713, 883.04906pt x 645.16031pt>
File: ana.png Graphic file (type png)
<use ana.png>
Package pdftex.def Info: ana.png  used on input line 1312.
(pdftex.def)             Requested size: 469.75194pt x 343.22293pt.


[43 <./ana.png>]

[44

]
Chapitre 3.


[45]

[46]
LaTeX Font Info:    Font shape `T1/txtt/m/it' in size <10> not available
(Font)              Font shape `T1/txtt/m/sl' tried instead on input line 1507.

LaTeX Font Info:    Trying to load font information for TS1+txtt on input line 
1510.

(C:\Users\ztoffv\AppData\Local\Programs\MiKTeX\tex/latex/txfonts\ts1txtt.fd
File: ts1txtt.fd 2000/12/15 v3.1
)
LaTeX Font Info:    Font shape `TS1/txtt/m/it' in size <10> not available
(Font)              Font shape `TS1/txtt/m/sl' tried instead on input line 1514
.
LaTeX Font Info:    Font shape `T1/txtt/b/n' in size <10> not available
(Font)              Font shape `T1/txtt/bx/n' tried instead on input line 1545.



[47{C:/Users/ztoffv/AppData/Local/Programs/MiKTeX/fonts/enc/dvips/base/8r.enc}]

Underfull \vbox (badness 10000) detected at line 1610
 []


Overfull \vbox (3.12196pt too high) detected at line 1610
 []



[48]
Overfull \vbox (1.87393pt too high) detected at line 1751
 []



[49]
Underfull \vbox (badness 10000) detected at line 1751
 []


Underfull \vbox (badness 10000) detected at line 1751
 []



[50]
Underfull \vbox (badness 10000) detected at line 1751
 []


Underfull \vbox (badness 10000) detected at line 1751
 []



[51]

[52]

[53]

[54]
Underfull \vbox (badness 10000) detected at line 2118
 []


Underfull \vbox (badness 10000) detected at line 2118
 []



[55]
Underfull \vbox (badness 10000) detected at line 2118
 []


Underfull \vbox (badness 10000) detected at line 2118
 []



[56]
Underfull \vbox (badness 10000) detected at line 2118
 []


Underfull \vbox (badness 10000) detected at line 2118
 []



[57]
Underfull \vbox (badness 10000) detected at line 2118
 []


Underfull \vbox (badness 10000) detected at line 2118
 []



[58]

[59]
<debian_paquet.png, id=823, 639.5895pt x 104.18925pt>
File: debian_paquet.png Graphic file (type png)
<use debian_paquet.png>
Package pdftex.def Info: debian_paquet.png  used on input line 2193.
(pdftex.def)             Requested size: 469.76569pt x 76.52649pt.
 (plateformecartographiqueole.ind)

[60 <./debian_paquet.png>] (plateformecartographiqueole.aux)
 ***********
LaTeX2e <2024-06-01> patch level 2
L3 programming layer <2024-08-30>
 ***********
Package rerunfilecheck Info: File `plateformecartographiqueole.out' has not cha
nged.
(rerunfilecheck)             Checksum: 694CEDFCA99D25B2F50205C4F8AFB9A9;11329.
 ) 
Here is how much of TeX's memory you used:
 21407 strings out of 473899
 388344 string characters out of 5726028
 1001657 words of memory out of 5000000
 43670 multiletter control sequences out of 15000+600000
 618411 words of font info for 84 fonts, out of 8000000 for 9000
 1142 hyphenation exceptions out of 8191
 72i,12n,79p,822b,657s stack positions out of 10000i,1000n,20000p,200000b,200000s
<C:/Users/ztoffv/AppData/Local/Programs/MiKTeX/fonts/type1/public/fontawesome
5/FontAwesome5Free-Solid.pfb><C:/Users/ztoffv/AppData/Local/Programs/MiKTeX/fon
ts/type1/public/amsfonts/cm/cmmi5.pfb><C:/Users/ztoffv/AppData/Local/Programs/M
iKTeX/fonts/type1/public/amsfonts/cm/cmsy5.pfb><C:/Users/ztoffv/AppData/Local/P
rograms/MiKTeX/fonts/type1/public/tex-gyre/qhvb.pfb><C:/Users/ztoffv/AppData/Lo
cal/Programs/MiKTeX/fonts/type1/public/tex-gyre/qhvr.pfb><C:/Users/ztoffv/AppDa
ta/Local/Programs/MiKTeX/fonts/type1/public/tex-gyre/qtmb.pfb><C:/Users/ztoffv/
AppData/Local/Programs/MiKTeX/fonts/type1/public/tex-gyre/qtmr.pfb><C:/Users/zt
offv/AppData/Local/Programs/MiKTeX/fonts/type1/public/tex-gyre/qtmri.pfb><C:/Us
ers/ztoffv/AppData/Local/Programs/MiKTeX/fonts/type1/public/txfonts/t1xbtt.pfb>
<C:/Users/ztoffv/AppData/Local/Programs/MiKTeX/fonts/type1/public/txfonts/t1xtt
.pfb><C:/Users/ztoffv/AppData/Local/Programs/MiKTeX/fonts/type1/public/txfonts/
t1xtt.pfb><C:/Users/ztoffv/AppData/Local/Programs/MiKTeX/fonts/type1/public/txf
onts/tcxtt.pfb><C:/Users/ztoffv/AppData/Local/Programs/MiKTeX/fonts/type1/urw/t
imes/utmr8a.pfb>
Output written on plateformecartographiqueole.pdf (64 pages, 8208811 bytes).
PDF statistics:
 919 PDF objects out of 1000 (max. 8388607)
 189 named destinations out of 1000 (max. 500000)
 873 words of extra memory for PDF output out of 10000 (max. 10000000)

