\BOOKMARK [0][-]{chapter.1}{\376\377\000D\000o\000c\000u\000m\000e\000n\000t\000a\000t\000i\000o\000n\000\040\000u\000t\000i\000l\000i\000s\000a\000t\000e\000u\000r}{}% 1
\BOOKMARK [1][-]{section.1.1}{\376\377\000C\000a\000t\000a\000l\000o\000g\000u\000e}{chapter.1}% 2
\BOOKMARK [2][-]{subsection.1.1.1}{\376\377\000I\000n\000t\000r\000o\000d\000u\000c\000t\000i\000o\000n}{section.1.1}% 3
\BOOKMARK [2][-]{subsection.1.1.2}{\376\377\000L\000a\000\040\000r\000e\000c\000h\000e\000r\000c\000h\000e\000\040\000d\000e\000s\000\040\000d\000o\000n\000n\000\351\000e\000s\000\040\000d\000a\000n\000s\000\040\000l\000e\000\040\000c\000a\000t\000a\000l\000o\000g\000u\000e}{section.1.1}% 4
\BOOKMARK [2][-]{subsection.1.1.3}{\376\377\000L\000e\000s\000\040\000f\000o\000n\000c\000t\000i\000o\000n\000n\000a\000l\000i\000t\000\351\000s\000\040\000d\000e\000s\000\040\000f\000i\000c\000h\000e\000s\000\040\000d\000e\000\040\000d\000o\000n\000n\000\351\000e\000s}{section.1.1}% 5
\BOOKMARK [3][-]{subsubsection*.6}{\376\377\000D\000e\000s\000c\000r\000i\000p\000t\000i\000o\000n\000\040\000d\000e\000\040\000l\000a\000\040\000d\000o\000n\000n\000\351\000e}{subsection.1.1.3}% 6
\BOOKMARK [3][-]{subsubsection*.7}{\376\377\000P\000r\000\351\000v\000i\000s\000u\000a\000l\000i\000s\000a\000t\000i\000o\000n\000\040\000d\000e\000\040\000l\000a\000\040\000d\000o\000n\000n\000\351\000e}{subsection.1.1.3}% 7
\BOOKMARK [3][-]{subsubsection*.8}{\376\377\000T\000\351\000l\000\351\000c\000h\000a\000r\000g\000e\000m\000e\000n\000t\000\040\000d\000e\000\040\000l\000a\000\040\000d\000o\000n\000n\000\351\000e}{subsection.1.1.3}% 8
\BOOKMARK [1][-]{section.1.2}{\376\377\000V\000i\000s\000u\000a\000l\000i\000s\000e\000u\000r}{chapter.1}% 9
\BOOKMARK [2][-]{subsection.1.2.1}{\376\377\000I\000n\000t\000r\000o\000d\000u\000c\000t\000i\000o\000n}{section.1.2}% 10
\BOOKMARK [2][-]{subsection.1.2.2}{\376\377\000S\000e\000c\000t\000i\000o\000n\000\040\0001\000\040\000:\000\040\000D\000e\000s\000c\000r\000i\000p\000t\000i\000o\000n}{section.1.2}% 11
\BOOKMARK [2][-]{subsection.1.2.3}{\376\377\000S\000e\000c\000t\000i\000o\000n\000\040\0002\000\040\000:\000\040\000F\000o\000n\000c\000t\000i\000o\000n\000n\000a\000l\000i\000t\000\351\000s}{section.1.2}% 12
\BOOKMARK [2][-]{subsection.1.2.4}{\376\377\000S\000e\000c\000t\000i\000o\000n\000\040\0003\000\040\000:\000\040\000U\000t\000i\000l\000i\000s\000a\000t\000i\000o\000n}{section.1.2}% 13
\BOOKMARK [2][-]{subsection.1.2.5}{\376\377\000S\000e\000c\000t\000i\000o\000n\000\040\0004\000\040\000:\000\040\000C\000o\000n\000s\000e\000i\000l\000s\000\040\000e\000t\000\040\000a\000s\000t\000u\000c\000e\000s}{section.1.2}% 14
\BOOKMARK [1][-]{section.1.3}{\376\377\000A\000p\000p\000l\000i\000c\000a\000t\000i\000o\000n}{chapter.1}% 15
\BOOKMARK [2][-]{subsection.1.3.1}{\376\377\000I\000n\000t\000r\000o\000d\000u\000c\000t\000i\000o\000n}{section.1.3}% 16
\BOOKMARK [2][-]{subsection.1.3.2}{\376\377\000S\000e\000c\000t\000i\000o\000n\000\040\0001\000\040\000:\000\040\000D\000e\000s\000c\000r\000i\000p\000t\000i\000o\000n}{section.1.3}% 17
\BOOKMARK [2][-]{subsection.1.3.3}{\376\377\000S\000e\000c\000t\000i\000o\000n\000\040\0002\000\040\000:\000\040\000F\000o\000n\000c\000t\000i\000o\000n\000n\000a\000l\000i\000t\000\351\000s}{section.1.3}% 18
\BOOKMARK [2][-]{subsection.1.3.4}{\376\377\000S\000e\000c\000t\000i\000o\000n\000\040\0003\000\040\000:\000\040\000U\000t\000i\000l\000i\000s\000a\000t\000i\000o\000n}{section.1.3}% 19
\BOOKMARK [2][-]{subsection.1.3.5}{\376\377\000S\000e\000c\000t\000i\000o\000n\000\040\0004\000\040\000:\000\040\000C\000o\000n\000s\000e\000i\000l\000s\000\040\000e\000t\000\040\000a\000s\000t\000u\000c\000e\000s}{section.1.3}% 20
\BOOKMARK [1][-]{section.1.4}{\376\377\000S\000e\000r\000v\000i\000c\000e\000s}{chapter.1}% 21
\BOOKMARK [2][-]{subsection.1.4.1}{\376\377\000I\000n\000t\000r\000o\000d\000u\000c\000t\000i\000o\000n}{section.1.4}% 22
\BOOKMARK [2][-]{subsection.1.4.2}{\376\377\000S\000e\000c\000t\000i\000o\000n\000\040\0001\000\040\000:\000\040\000D\000e\000s\000c\000r\000i\000p\000t\000i\000o\000n}{section.1.4}% 23
\BOOKMARK [2][-]{subsection.1.4.3}{\376\377\000S\000e\000c\000t\000i\000o\000n\000\040\0002\000\040\000:\000\040\000F\000o\000n\000c\000t\000i\000o\000n\000n\000a\000l\000i\000t\000\351\000s}{section.1.4}% 24
\BOOKMARK [2][-]{subsection.1.4.4}{\376\377\000S\000e\000c\000t\000i\000o\000n\000\040\0003\000\040\000:\000\040\000U\000t\000i\000l\000i\000s\000a\000t\000i\000o\000n}{section.1.4}% 25
\BOOKMARK [2][-]{subsection.1.4.5}{\376\377\000S\000e\000c\000t\000i\000o\000n\000\040\0004\000\040\000:\000\040\000C\000o\000n\000s\000e\000i\000l\000s\000\040\000e\000t\000\040\000a\000s\000t\000u\000c\000e\000s}{section.1.4}% 26
\BOOKMARK [1][-]{section.1.5}{\376\377\000I\000m\000p\000o\000r\000t}{chapter.1}% 27
\BOOKMARK [2][-]{subsection.1.5.1}{\376\377\000I\000n\000t\000r\000o\000d\000u\000c\000t\000i\000o\000n}{section.1.5}% 28
\BOOKMARK [2][-]{subsection.1.5.2}{\376\377\000S\000e\000c\000t\000i\000o\000n\000\040\0001\000\040\000:\000\040\000D\000e\000s\000c\000r\000i\000p\000t\000i\000o\000n}{section.1.5}% 29
\BOOKMARK [2][-]{subsection.1.5.3}{\376\377\000S\000e\000c\000t\000i\000o\000n\000\040\0002\000\040\000:\000\040\000F\000o\000n\000c\000t\000i\000o\000n\000n\000a\000l\000i\000t\000\351\000s}{section.1.5}% 30
\BOOKMARK [2][-]{subsection.1.5.4}{\376\377\000S\000e\000c\000t\000i\000o\000n\000\040\0003\000\040\000:\000\040\000U\000t\000i\000l\000i\000s\000a\000t\000i\000o\000n}{section.1.5}% 31
\BOOKMARK [2][-]{subsection.1.5.5}{\376\377\000S\000e\000c\000t\000i\000o\000n\000\040\0004\000\040\000:\000\040\000C\000o\000n\000s\000e\000i\000l\000s\000\040\000e\000t\000\040\000a\000s\000t\000u\000c\000e\000s}{section.1.5}% 32
\BOOKMARK [0][-]{chapter.2}{\376\377\000D\000o\000c\000u\000m\000e\000n\000t\000a\000t\000i\000o\000n\000\040\000a\000d\000m\000i\000n\000i\000s\000t\000r\000a\000t\000e\000u\000r}{}% 33
\BOOKMARK [1][-]{section.2.1}{\376\377\000A\000p\000p\000l\000i\000c\000a\000t\000i\000o\000n}{chapter.2}% 34
\BOOKMARK [2][-]{subsection.2.1.1}{\376\377\000I\000n\000t\000r\000o\000d\000u\000c\000t\000i\000o\000n}{section.2.1}% 35
\BOOKMARK [2][-]{subsection.2.1.2}{\376\377\000S\000e\000c\000t\000i\000o\000n\000\040\0001\000\040\000:\000\040\000D\000e\000s\000c\000r\000i\000p\000t\000i\000o\000n}{section.2.1}% 36
\BOOKMARK [2][-]{subsection.2.1.3}{\376\377\000S\000e\000c\000t\000i\000o\000n\000\040\0002\000\040\000:\000\040\000F\000o\000n\000c\000t\000i\000o\000n\000n\000a\000l\000i\000t\000\351\000s}{section.2.1}% 37
\BOOKMARK [2][-]{subsection.2.1.4}{\376\377\000S\000e\000c\000t\000i\000o\000n\000\040\0003\000\040\000:\000\040\000U\000t\000i\000l\000i\000s\000a\000t\000i\000o\000n}{section.2.1}% 38
\BOOKMARK [2][-]{subsection.2.1.5}{\376\377\000S\000e\000c\000t\000i\000o\000n\000\040\0004\000\040\000:\000\040\000C\000o\000n\000s\000e\000i\000l\000s\000\040\000e\000t\000\040\000a\000s\000t\000u\000c\000e\000s}{section.2.1}% 39
\BOOKMARK [1][-]{section.2.2}{\376\377\000A\000p\000p\000l\000i\000c\000a\000t\000i\000o\000n}{chapter.2}% 40
\BOOKMARK [2][-]{subsection.2.2.1}{\376\377\000I\000n\000t\000r\000o\000d\000u\000c\000t\000i\000o\000n}{section.2.2}% 41
\BOOKMARK [2][-]{subsection.2.2.2}{\376\377\000S\000e\000c\000t\000i\000o\000n\000\040\0001\000\040\000:\000\040\000D\000e\000s\000c\000r\000i\000p\000t\000i\000o\000n}{section.2.2}% 42
\BOOKMARK [2][-]{subsection.2.2.3}{\376\377\000S\000e\000c\000t\000i\000o\000n\000\040\0002\000\040\000:\000\040\000F\000o\000n\000c\000t\000i\000o\000n\000n\000a\000l\000i\000t\000\351\000s}{section.2.2}% 43
\BOOKMARK [2][-]{subsection.2.2.4}{\376\377\000S\000e\000c\000t\000i\000o\000n\000\040\0003\000\040\000:\000\040\000U\000t\000i\000l\000i\000s\000a\000t\000i\000o\000n}{section.2.2}% 44
\BOOKMARK [2][-]{subsection.2.2.5}{\376\377\000S\000e\000c\000t\000i\000o\000n\000\040\0004\000\040\000:\000\040\000C\000o\000n\000s\000e\000i\000l\000s\000\040\000e\000t\000\040\000a\000s\000t\000u\000c\000e\000s}{section.2.2}% 45
\BOOKMARK [1][-]{section.2.3}{\376\377\000A\000p\000p\000l\000i\000c\000a\000t\000i\000o\000n}{chapter.2}% 46
\BOOKMARK [2][-]{subsection.2.3.1}{\376\377\000I\000n\000t\000r\000o\000d\000u\000c\000t\000i\000o\000n}{section.2.3}% 47
\BOOKMARK [2][-]{subsection.2.3.2}{\376\377\000S\000e\000c\000t\000i\000o\000n\000\040\0001\000\040\000:\000\040\000D\000e\000s\000c\000r\000i\000p\000t\000i\000o\000n}{section.2.3}% 48
\BOOKMARK [2][-]{subsection.2.3.3}{\376\377\000S\000e\000c\000t\000i\000o\000n\000\040\0002\000\040\000:\000\040\000F\000o\000n\000c\000t\000i\000o\000n\000n\000a\000l\000i\000t\000\351\000s}{section.2.3}% 49
\BOOKMARK [2][-]{subsection.2.3.4}{\376\377\000S\000e\000c\000t\000i\000o\000n\000\040\0003\000\040\000:\000\040\000U\000t\000i\000l\000i\000s\000a\000t\000i\000o\000n}{section.2.3}% 50
\BOOKMARK [2][-]{subsection.2.3.5}{\376\377\000S\000e\000c\000t\000i\000o\000n\000\040\0004\000\040\000:\000\040\000C\000o\000n\000s\000e\000i\000l\000s\000\040\000e\000t\000\040\000a\000s\000t\000u\000c\000e\000s}{section.2.3}% 51
\BOOKMARK [1][-]{section.2.4}{\376\377\000A\000p\000p\000l\000i\000c\000a\000t\000i\000o\000n}{chapter.2}% 52
\BOOKMARK [2][-]{subsection.2.4.1}{\376\377\000I\000n\000t\000r\000o\000d\000u\000c\000t\000i\000o\000n}{section.2.4}% 53
\BOOKMARK [2][-]{subsection.2.4.2}{\376\377\000S\000e\000c\000t\000i\000o\000n\000\040\0001\000\040\000:\000\040\000D\000e\000s\000c\000r\000i\000p\000t\000i\000o\000n}{section.2.4}% 54
\BOOKMARK [2][-]{subsection.2.4.3}{\376\377\000S\000e\000c\000t\000i\000o\000n\000\040\0002\000\040\000:\000\040\000F\000o\000n\000c\000t\000i\000o\000n\000n\000a\000l\000i\000t\000\351\000s}{section.2.4}% 55
\BOOKMARK [2][-]{subsection.2.4.4}{\376\377\000S\000e\000c\000t\000i\000o\000n\000\040\0003\000\040\000:\000\040\000U\000t\000i\000l\000i\000s\000a\000t\000i\000o\000n}{section.2.4}% 56
\BOOKMARK [2][-]{subsection.2.4.5}{\376\377\000S\000e\000c\000t\000i\000o\000n\000\040\0004\000\040\000:\000\040\000C\000o\000n\000s\000e\000i\000l\000s\000\040\000e\000t\000\040\000a\000s\000t\000u\000c\000e\000s}{section.2.4}% 57
\BOOKMARK [1][-]{section.2.5}{\376\377\000A\000p\000p\000l\000i\000c\000a\000t\000i\000o\000n}{chapter.2}% 58
\BOOKMARK [2][-]{subsection.2.5.1}{\376\377\000I\000n\000t\000r\000o\000d\000u\000c\000t\000i\000o\000n}{section.2.5}% 59
\BOOKMARK [2][-]{subsection.2.5.2}{\376\377\000S\000e\000c\000t\000i\000o\000n\000\040\0001\000\040\000:\000\040\000D\000e\000s\000c\000r\000i\000p\000t\000i\000o\000n}{section.2.5}% 60
\BOOKMARK [2][-]{subsection.2.5.3}{\376\377\000S\000e\000c\000t\000i\000o\000n\000\040\0002\000\040\000:\000\040\000F\000o\000n\000c\000t\000i\000o\000n\000n\000a\000l\000i\000t\000\351\000s}{section.2.5}% 61
\BOOKMARK [2][-]{subsection.2.5.4}{\376\377\000S\000e\000c\000t\000i\000o\000n\000\040\0003\000\040\000:\000\040\000U\000t\000i\000l\000i\000s\000a\000t\000i\000o\000n}{section.2.5}% 62
\BOOKMARK [2][-]{subsection.2.5.5}{\376\377\000S\000e\000c\000t\000i\000o\000n\000\040\0004\000\040\000:\000\040\000C\000o\000n\000s\000e\000i\000l\000s\000\040\000e\000t\000\040\000a\000s\000t\000u\000c\000e\000s}{section.2.5}% 63
\BOOKMARK [0][-]{chapter.3}{\376\377\000D\000o\000c\000u\000m\000e\000n\000t\000a\000t\000i\000o\000n\000\040\000d\040\031\000i\000n\000s\000t\000a\000l\000l\000a\000t\000i\000o\000n}{}% 64
\BOOKMARK [1][-]{section.3.1}{\376\377\000I\000n\000s\000t\000a\000l\000l\000a\000t\000i\000o\000n}{chapter.3}% 65
\BOOKMARK [2][-]{subsection.3.1.1}{\376\377\000I\000n\000t\000r\000o\000d\000u\000c\000t\000i\000o\000n}{section.3.1}% 66
\BOOKMARK [2][-]{subsection.3.1.2}{\376\377\000A\000n\000s\000i\000b\000l\000e}{section.3.1}% 67
\BOOKMARK [2][-]{subsection.3.1.3}{\376\377\000S\000c\000r\000i\000p\000t\000\040\000d\000e\000\040\000p\000e\000r\000s\000o\000n\000n\000a\000l\000i\000s\000a\000t\000i\000o\000n}{section.3.1}% 68
\BOOKMARK [1][-]{section.3.2}{\376\377\000C\000o\000n\000f\000i\000g\000u\000r\000a\000t\000i\000o\000n}{chapter.3}% 69
\BOOKMARK [2][-]{subsection.3.2.1}{\376\377\000I\000n\000t\000r\000o\000d\000u\000c\000t\000i\000o\000n}{section.3.2}% 70
\BOOKMARK [2][-]{subsection.3.2.2}{\376\377\000C\000h\000a\000q\000u\000e\000\040\000m\000o\000d\000u\000l\000e}{section.3.2}% 71
\BOOKMARK [2][-]{subsection.3.2.3}{\376\377\000r\000e\000l\000a\000n\000c\000e\000r\000\040\000l\040\031\000i\000n\000s\000t\000a\000l\000l\000a\000t\000i\000o\000n}{section.3.2}% 72
\BOOKMARK [1][-]{section.3.3}{\376\377\000M\000i\000s\000e\000s\000\040\000\340\000\040\000j\000o\000u\000r}{chapter.3}% 73
\BOOKMARK [2][-]{subsection.3.3.1}{\376\377\000I\000n\000t\000r\000o\000d\000u\000c\000t\000i\000o\000n}{section.3.3}% 74
\BOOKMARK [2][-]{subsection.3.3.2}{\376\377\000P\000a\000q\000u\000e\000t\000s\000\040\000d\000e\000b\000i\000a\000n\000s}{section.3.3}% 75
\BOOKMARK [2][-]{subsection.3.3.3}{\376\377\000D\000i\000r\000e\000c\000t\000e\000m\000e\000n\000t\000s\000\040\000a\000v\000e\000c\000\040\000l\040\031\000i\000n\000s\000t\000a\000l\000l\000a\000t\000i\000o\000n\000\040\000d\000o\000n\000c\000\040\000g\000e\000o\000r\000c\000h\000e\000s\000t\000r\000a\000.\000y\000m\000l}{section.3.3}% 76
